2026-05-07 23:55:58.437: my pid: 3321435
2026-05-07 23:55:58.437: model: model.general_recommender.SGL
2026-05-07 23:55:58.437: Dataset: all_data, users=2809, items=45329, ratings=85936
2026-05-07 23:55:58.437: NeuRec:[NeuRec]:
recommender=SGL
dataset=all_data
source_domain=amazon-cd
target_domain=amazon-kitchen
file_column=UI
sep=','
gpu_id=0
gpu_mem=0.99
metric=["Precision", "Recall", "NDCG"]
top_k=[20]
test_thread=8
test_batch_size=128
seed=2021
start_testing_epoch=0

SGL:[hyperparameters]:
aug_type=ED
reg=1e-4
embed_size=64
n_layers=3
ssl_reg=0.5
ssl_ratio=0.1
ssl_temp=0.2
ssl_mode=both_side
lr=0.001
learner=adam
adj_type=pre
epochs=1000
batch_size=2048
num_negatives=1
param_init=xavier_uniform
stddev=0.01
verbose=1
stop_cnt=10
pretrain_flag=0
save_flag=0

Command line:
recommender=SGL
dataset=all_data
aug_type=ED
reg=1e-4
n_layers=3
ssl_reg=0.5
ssl_ratio=0.1
ssl_temp=0.2
2026-05-07 23:55:59.296: metrics:	Precision@20	Recall@20   	NDCG@20     
2026-05-07 23:56:52.307: [iter 1 : loss : 5.3206 = 0.6924 + 4.6282 + 0.0000, time: 53.010919]
2026-05-07 23:56:52.307: epoch 1:	No test data
2026-05-07 23:57:45.025: [iter 2 : loss : 5.2694 = 0.6919 + 4.5775 + 0.0000, time: 52.548050]
2026-05-07 23:57:45.025: epoch 2:	No test data
2026-05-07 23:58:37.732: [iter 3 : loss : 5.2476 = 0.6915 + 4.5560 + 0.0000, time: 52.530063]
2026-05-07 23:58:37.732: epoch 3:	No test data
2026-05-07 23:59:30.491: [iter 4 : loss : 5.2330 = 0.6912 + 4.5418 + 0.0000, time: 52.580425]
2026-05-07 23:59:30.491: epoch 4:	No test data
2026-05-08 00:00:23.407: [iter 5 : loss : 5.2239 = 0.6909 + 4.5330 + 0.0000, time: 52.742296]
2026-05-08 00:00:23.407: epoch 5:	No test data
2026-05-08 00:01:16.239: [iter 6 : loss : 5.2158 = 0.6906 + 4.5251 + 0.0000, time: 52.664749]
2026-05-08 00:01:16.239: epoch 6:	No test data
2026-05-08 00:02:09.028: [iter 7 : loss : 5.2126 = 0.6904 + 4.5221 + 0.0000, time: 52.620487]
2026-05-08 00:02:09.029: epoch 7:	No test data
2026-05-08 00:03:01.805: [iter 8 : loss : 5.2089 = 0.6902 + 4.5187 + 0.0000, time: 52.609335]
2026-05-08 00:03:01.806: epoch 8:	No test data
2026-05-08 00:03:54.578: [iter 9 : loss : 5.2058 = 0.6900 + 4.5158 + 0.0000, time: 52.604058]
2026-05-08 00:03:54.578: epoch 9:	No test data
2026-05-08 00:04:47.379: [iter 10 : loss : 5.2039 = 0.6898 + 4.5141 + 0.0000, time: 52.636424]
2026-05-08 00:04:47.379: epoch 10:	No test data
2026-05-08 00:04:47.379: Early stopping is trigger at epoch: 10
2026-05-08 00:04:47.379: best_result@epoch 0:

2026-05-08 00:04:47.379: 		0.0000      	0.0000      
2026-05-08 00:04:47.427: export_final_embeddings done: /mnt/sda1/sherry/BiGNAS/BiGNAS-newmodel/BiGNAS-embbase-final/SGL-Torch/dataset/all_data/pretrain-embeddings/SGL/final/
