2025-10-26 16:49:35.421: my pid: 1057607
2025-10-26 16:49:35.421: model: model.general_recommender.SGL
2025-10-26 16:49:35.421: Dataset: all_data, users=2809, items=31062, ratings=110570
2025-10-26 16:49:35.421: NeuRec:[NeuRec]:
recommender=SGL
dataset=all_data
source_domain=amazon-cd
target_domain=amazon-kitchen
file_column=UI
sep=','
gpu_id=0
gpu_mem=0.99
metric=["Precision", "Recall", "NDCG"]
top_k=[20]
test_thread=8
test_batch_size=128
seed=2021
start_testing_epoch=0

SGL:[hyperparameters]:
aug_type=ED
reg=1e-4
embed_size=64
n_layers=3
ssl_reg=0.5
ssl_ratio=0.1
ssl_temp=0.2
ssl_mode=both_side
lr=0.001
learner=adam
adj_type=pre
epochs=1000
batch_size=2048
num_negatives=1
param_init=xavier_uniform
stddev=0.01
verbose=1
stop_cnt=10
pretrain_flag=0
save_flag=0

Command line:
recommender=SGL
dataset=all_data
aug_type=ED
reg=1e-4
n_layers=3
ssl_reg=0.5
ssl_ratio=0.1
ssl_temp=0.2
2025-10-26 16:49:36.363: metrics:	Precision@20	Recall@20   	NDCG@20     
2025-10-26 16:50:00.219: [iter 1 : loss : 5.0443 = 0.6920 + 4.3523 + 0.0000, time: 23.86s]
2025-10-26 16:50:00.220: epoch 1:	No test data
2025-10-26 16:50:24.460: [iter 2 : loss : 5.0023 = 0.6914 + 4.3109 + 0.0000, time: 24.24s]
2025-10-26 16:50:24.460: epoch 2:	No test data
2025-10-26 16:50:47.996: [iter 3 : loss : 4.9828 = 0.6908 + 4.2920 + 0.0000, time: 23.54s]
2025-10-26 16:50:47.996: epoch 3:	No test data
2025-10-26 16:51:11.667: [iter 4 : loss : 4.9754 = 0.6904 + 4.2850 + 0.0000, time: 23.67s]
2025-10-26 16:51:11.667: epoch 4:	No test data
2025-10-26 16:51:35.808: [iter 5 : loss : 4.9709 = 0.6900 + 4.2809 + 0.0000, time: 24.14s]
2025-10-26 16:51:35.808: epoch 5:	No test data
2025-10-26 16:51:59.606: [iter 6 : loss : 4.9676 = 0.6896 + 4.2780 + 0.0000, time: 23.80s]
2025-10-26 16:51:59.606: epoch 6:	No test data
2025-10-26 16:52:23.619: [iter 7 : loss : 4.9644 = 0.6891 + 4.2753 + 0.0000, time: 24.01s]
2025-10-26 16:52:23.619: epoch 7:	No test data
2025-10-26 16:52:47.639: [iter 8 : loss : 4.9621 = 0.6886 + 4.2736 + 0.0000, time: 24.02s]
2025-10-26 16:52:47.639: epoch 8:	No test data
2025-10-26 16:53:11.315: [iter 9 : loss : 4.9622 = 0.6880 + 4.2742 + 0.0000, time: 23.68s]
2025-10-26 16:53:11.315: epoch 9:	No test data
2025-10-26 16:53:35.287: [iter 10 : loss : 4.9598 = 0.6873 + 4.2725 + 0.0000, time: 23.97s]
2025-10-26 16:53:35.288: epoch 10:	No test data
2025-10-26 16:53:35.288: Early stopping triggered at epoch 10
2025-10-26 16:53:35.288: best_result@epoch 0: exporting final embeddings...
2025-10-26 16:53:35.288: No best_model.pth found, exporting from current model
2025-10-26 16:53:35.288: ⚠️ self.save_dir 為 None，自動建立目錄: /mnt/sda1/sherry/BiGNAS/SGL-BiGNAS/SGL-Torch/dataset/all_data/pretrain-embeddings/SGL/final/
2025-10-26 16:53:35.296: ✅ 已儲存 user/item embeddings 至 /mnt/sda1/sherry/BiGNAS/SGL-BiGNAS/SGL-Torch/dataset/all_data/pretrain-embeddings/SGL/final/
