2025-11-10 14:27:23.398: my pid: 2149149
2025-11-10 14:27:23.398: model: model.general_recommender.SGL
2025-11-10 14:27:23.399: Dataset: all_data, users=2809, items=31062, ratings=110570
2025-11-10 14:27:23.399: NeuRec:[NeuRec]:
recommender=SGL
dataset=all_data
source_domain=amazon-cd
target_domain=amazon-kitchen
file_column=UI
sep=','
gpu_id=0
gpu_mem=0.99
metric=["Precision", "Recall", "NDCG"]
top_k=[20]
test_thread=8
test_batch_size=128
seed=2021
start_testing_epoch=0

SGL:[hyperparameters]:
aug_type=ED
reg=1e-4
embed_size=64
n_layers=3
ssl_reg=0.5
ssl_ratio=0.1
ssl_temp=0.2
ssl_mode=both_side
lr=0.001
learner=adam
adj_type=pre
epochs=1000
batch_size=2048
num_negatives=1
param_init=xavier_uniform
stddev=0.01
verbose=1
stop_cnt=10
pretrain_flag=0
save_flag=0

Command line:
recommender=SGL
dataset=all_data
aug_type=ED
reg=1e-4
n_layers=3
ssl_reg=0.5
ssl_ratio=0.1
ssl_temp=0.2
2025-11-10 14:27:24.248: metrics:	Precision@20	Recall@20   	NDCG@20     
2025-11-10 14:28:33.062: [iter 1 : loss : 5.0443 = 0.6920 + 4.3523 + 0.0000, time: 68.813719]
2025-11-10 14:28:33.062: epoch 1:	No test data
2025-11-10 14:29:41.229: [iter 2 : loss : 5.0023 = 0.6914 + 4.3109 + 0.0000, time: 67.954707]
2025-11-10 14:29:41.229: epoch 2:	No test data
2025-11-10 14:30:49.327: [iter 3 : loss : 4.9825 = 0.6908 + 4.2916 + 0.0000, time: 67.882683]
2025-11-10 14:30:49.327: epoch 3:	No test data
2025-11-10 14:31:57.512: [iter 4 : loss : 4.9754 = 0.6904 + 4.2850 + 0.0000, time: 67.962998]
2025-11-10 14:31:57.512: epoch 4:	No test data
2025-11-10 14:33:05.542: [iter 5 : loss : 4.9709 = 0.6900 + 4.2809 + 0.0000, time: 67.797132]
2025-11-10 14:33:05.542: epoch 5:	No test data
2025-11-10 14:34:13.481: [iter 6 : loss : 4.9676 = 0.6896 + 4.2780 + 0.0000, time: 67.725769]
2025-11-10 14:34:13.481: epoch 6:	No test data
2025-11-10 14:35:21.420: [iter 7 : loss : 4.9643 = 0.6891 + 4.2752 + 0.0000, time: 67.723909]
2025-11-10 14:35:21.420: epoch 7:	No test data
2025-11-10 14:36:29.635: [iter 8 : loss : 4.9621 = 0.6886 + 4.2735 + 0.0000, time: 68.004830]
2025-11-10 14:36:29.635: epoch 8:	No test data
2025-11-10 14:37:38.170: [iter 9 : loss : 4.9621 = 0.6880 + 4.2741 + 0.0000, time: 68.320229]
2025-11-10 14:37:38.170: epoch 9:	No test data
2025-11-10 14:38:46.704: [iter 10 : loss : 4.9598 = 0.6873 + 4.2725 + 0.0000, time: 68.318472]
2025-11-10 14:38:46.704: epoch 10:	No test data
2025-11-10 14:38:46.704: Early stopping is trigger at epoch: 10
2025-11-10 14:38:46.704: best_result@epoch 0:

2025-11-10 14:38:46.704: 		0.0000      	0.0000      
2025-11-10 14:38:46.737: export_final_embeddings done: /mnt/sda1/sherry/BiGNAS/SGL-BiGNAS/SGL-Torch/dataset/all_data/pretrain-embeddings/SGL/final/
