2025-10-26 13:02:07.750: my pid: 986818
2025-10-26 13:02:07.750: model: model.general_recommender.SGL
2025-10-26 13:02:07.750: Dataset: all_data, users=2809, items=31062, ratings=110570
2025-10-26 13:02:07.750: NeuRec:[NeuRec]:
recommender=SGL
dataset=all_data
source_domain=amazon-cd
target_domain=amazon-kitchen
file_column=UI
sep=','
gpu_id=0
gpu_mem=0.99
metric=["Precision", "Recall", "NDCG"]
top_k=[20]
test_thread=8
test_batch_size=128
seed=2021
start_testing_epoch=0

SGL:[hyperparameters]:
aug_type=ED
reg=1e-4
embed_size=64
n_layers=3
ssl_reg=0.5
ssl_ratio=0.1
ssl_temp=0.2
ssl_mode=both_side
lr=0.001
learner=adam
adj_type=pre
epochs=1000
batch_size=2048
num_negatives=1
param_init=xavier_uniform
stddev=0.01
verbose=1
stop_cnt=10
pretrain_flag=0
save_flag=0

Command line:
recommender=SGL
dataset=all_data
aug_type=ED
reg=1e-4
n_layers=3
ssl_reg=0.5
ssl_ratio=0.1
ssl_temp=0.2
2025-10-26 13:02:08.610: metrics:	Precision@20	Recall@20   	NDCG@20     
2025-10-26 13:02:32.597: [iter 1 : loss : 5.0443 = 0.6920 + 4.3523 + 0.0000, time: 23.99s]
2025-10-26 13:02:32.597: epoch 1:	No test data
2025-10-26 13:02:56.501: [iter 2 : loss : 5.0023 = 0.6914 + 4.3109 + 0.0000, time: 23.90s]
2025-10-26 13:02:56.501: epoch 2:	No test data
2025-10-26 13:03:19.611: [iter 3 : loss : 4.9828 = 0.6908 + 4.2920 + 0.0000, time: 23.11s]
2025-10-26 13:03:19.611: epoch 3:	No test data
2025-10-26 13:03:42.784: [iter 4 : loss : 4.9754 = 0.6904 + 4.2850 + 0.0000, time: 23.17s]
2025-10-26 13:03:42.784: epoch 4:	No test data
2025-10-26 13:04:06.388: [iter 5 : loss : 4.9709 = 0.6900 + 4.2809 + 0.0000, time: 23.60s]
2025-10-26 13:04:06.388: epoch 5:	No test data
2025-10-26 13:04:29.898: [iter 6 : loss : 4.9676 = 0.6896 + 4.2780 + 0.0000, time: 23.51s]
2025-10-26 13:04:29.898: epoch 6:	No test data
2025-10-26 13:04:53.548: [iter 7 : loss : 4.9644 = 0.6891 + 4.2753 + 0.0000, time: 23.65s]
2025-10-26 13:04:53.548: epoch 7:	No test data
2025-10-26 13:05:17.365: [iter 8 : loss : 4.9621 = 0.6886 + 4.2736 + 0.0000, time: 23.82s]
2025-10-26 13:05:17.365: epoch 8:	No test data
2025-10-26 13:05:40.998: [iter 9 : loss : 4.9622 = 0.6880 + 4.2742 + 0.0000, time: 23.63s]
2025-10-26 13:05:40.999: epoch 9:	No test data
2025-10-26 13:06:04.449: [iter 10 : loss : 4.9598 = 0.6873 + 4.2725 + 0.0000, time: 23.45s]
2025-10-26 13:06:04.449: epoch 10:	No test data
2025-10-26 13:06:04.449: Early stopping triggered at epoch 10
2025-10-26 13:06:04.449: best_result@epoch 0:

