2025-11-10 23:08:27.940: my pid: 2176716
2025-11-10 23:08:27.941: model: model.general_recommender.SGL
2025-11-10 23:08:27.941: Dataset: all_data, users=2809, items=31062, ratings=110570
2025-11-10 23:08:27.941: NeuRec:[NeuRec]:
recommender=SGL
dataset=all_data
source_domain=amazon-cd
target_domain=amazon-kitchen
file_column=UI
sep=','
gpu_id=0
gpu_mem=0.99
metric=["Precision", "Recall", "NDCG"]
top_k=[20]
test_thread=8
test_batch_size=128
seed=2021
start_testing_epoch=0

SGL:[hyperparameters]:
aug_type=ED
reg=1e-4
embed_size=64
n_layers=3
ssl_reg=0.5
ssl_ratio=0.1
ssl_temp=0.2
ssl_mode=both_side
lr=0.001
learner=adam
adj_type=pre
epochs=1000
batch_size=2048
num_negatives=1
param_init=xavier_uniform
stddev=0.01
verbose=1
stop_cnt=10
pretrain_flag=0
save_flag=0

Command line:
recommender=SGL
dataset=all_data
aug_type=ED
reg=1e-4
n_layers=3
ssl_reg=0.5
ssl_ratio=0.1
ssl_temp=0.2
2025-11-10 23:08:28.822: metrics:	Precision@20	Recall@20   	NDCG@20     
2025-11-10 23:09:37.427: [iter 1 : loss : 5.0443 = 0.6920 + 4.3523 + 0.0000, time: 68.605294]
2025-11-10 23:09:37.427: epoch 1:	No test data
2025-11-10 23:10:45.837: [iter 2 : loss : 5.0023 = 0.6914 + 4.3109 + 0.0000, time: 68.187288]
2025-11-10 23:10:45.837: epoch 2:	No test data
2025-11-10 23:11:54.118: [iter 3 : loss : 4.9825 = 0.6908 + 4.2916 + 0.0000, time: 68.055920]
2025-11-10 23:11:54.118: epoch 3:	No test data
2025-11-10 23:13:02.455: [iter 4 : loss : 4.9754 = 0.6904 + 4.2850 + 0.0000, time: 68.103024]
2025-11-10 23:13:02.455: epoch 4:	No test data
2025-11-10 23:14:10.741: [iter 5 : loss : 4.9709 = 0.6900 + 4.2809 + 0.0000, time: 68.051129]
2025-11-10 23:14:10.741: epoch 5:	No test data
2025-11-10 23:15:18.903: [iter 6 : loss : 4.9676 = 0.6896 + 4.2780 + 0.0000, time: 67.945427]
2025-11-10 23:15:18.903: epoch 6:	No test data
2025-11-10 23:16:27.079: [iter 7 : loss : 4.9643 = 0.6891 + 4.2752 + 0.0000, time: 67.960692]
2025-11-10 23:16:27.079: epoch 7:	No test data
2025-11-10 23:17:35.307: [iter 8 : loss : 4.9621 = 0.6886 + 4.2735 + 0.0000, time: 68.013891]
2025-11-10 23:17:35.307: epoch 8:	No test data
2025-11-10 23:18:43.112: [iter 9 : loss : 4.9621 = 0.6880 + 4.2741 + 0.0000, time: 67.586564]
2025-11-10 23:18:43.112: epoch 9:	No test data
2025-11-10 23:19:50.721: [iter 10 : loss : 4.9598 = 0.6873 + 4.2725 + 0.0000, time: 67.391555]
2025-11-10 23:19:50.721: epoch 10:	No test data
2025-11-10 23:19:50.721: Early stopping is trigger at epoch: 10
2025-11-10 23:19:50.722: best_result@epoch 0:

2025-11-10 23:19:50.722: 		0.0000      	0.0000      
2025-11-10 23:19:50.746: export_final_embeddings done: /mnt/sda1/sherry/BiGNAS/SGL-BiGNAS/SGL-Torch/dataset/all_data/pretrain-embeddings/SGL/final/
