2025-11-10 14:43:44.511: my pid: 2149664
2025-11-10 14:43:44.511: model: model.general_recommender.SGL
2025-11-10 14:43:44.511: Dataset: all_data, users=2809, items=31062, ratings=110570
2025-11-10 14:43:44.511: NeuRec:[NeuRec]:
recommender=SGL
dataset=all_data
source_domain=amazon-cd
target_domain=amazon-kitchen
file_column=UI
sep=','
gpu_id=0
gpu_mem=0.99
metric=["Precision", "Recall", "NDCG"]
top_k=[20]
test_thread=8
test_batch_size=128
seed=2021
start_testing_epoch=0

SGL:[hyperparameters]:
aug_type=ED
reg=1e-4
embed_size=64
n_layers=3
ssl_reg=0.5
ssl_ratio=0.1
ssl_temp=0.2
ssl_mode=both_side
lr=0.001
learner=adam
adj_type=pre
epochs=1000
batch_size=2048
num_negatives=1
param_init=xavier_uniform
stddev=0.01
verbose=1
stop_cnt=10
pretrain_flag=0
save_flag=0

Command line:
recommender=SGL
dataset=all_data
aug_type=ED
reg=1e-4
n_layers=3
ssl_reg=0.5
ssl_ratio=0.1
ssl_temp=0.2
2025-11-10 14:43:45.376: metrics:	Precision@20	Recall@20   	NDCG@20     
2025-11-10 14:44:53.929: [iter 1 : loss : 5.0443 = 0.6920 + 4.3523 + 0.0000, time: 68.552383]
2025-11-10 14:44:53.929: epoch 1:	No test data
2025-11-10 14:46:02.337: [iter 2 : loss : 5.0023 = 0.6914 + 4.3109 + 0.0000, time: 68.186388]
2025-11-10 14:46:02.337: epoch 2:	No test data
2025-11-10 14:47:10.744: [iter 3 : loss : 4.9825 = 0.6908 + 4.2916 + 0.0000, time: 68.184268]
2025-11-10 14:47:10.744: epoch 3:	No test data
2025-11-10 14:48:19.055: [iter 4 : loss : 4.9754 = 0.6904 + 4.2850 + 0.0000, time: 68.082371]
2025-11-10 14:48:19.055: epoch 4:	No test data
2025-11-10 14:49:27.368: [iter 5 : loss : 4.9709 = 0.6900 + 4.2809 + 0.0000, time: 68.086245]
2025-11-10 14:49:27.368: epoch 5:	No test data
2025-11-10 14:50:35.532: [iter 6 : loss : 4.9676 = 0.6896 + 4.2780 + 0.0000, time: 67.950561]
2025-11-10 14:50:35.532: epoch 6:	No test data
2025-11-10 14:51:44.172: [iter 7 : loss : 4.9643 = 0.6891 + 4.2752 + 0.0000, time: 68.427141]
2025-11-10 14:51:44.172: epoch 7:	No test data
2025-11-10 14:52:52.655: [iter 8 : loss : 4.9621 = 0.6886 + 4.2735 + 0.0000, time: 68.268313]
2025-11-10 14:52:52.656: epoch 8:	No test data
2025-11-10 14:54:01.002: [iter 9 : loss : 4.9621 = 0.6880 + 4.2741 + 0.0000, time: 68.131009]
2025-11-10 14:54:01.002: epoch 9:	No test data
2025-11-10 14:55:09.363: [iter 10 : loss : 4.9598 = 0.6873 + 4.2725 + 0.0000, time: 68.145464]
2025-11-10 14:55:09.363: epoch 10:	No test data
2025-11-10 14:55:09.363: Early stopping is trigger at epoch: 10
2025-11-10 14:55:09.363: best_result@epoch 0:

2025-11-10 14:55:09.363: 		0.0000      	0.0000      
2025-11-10 14:55:09.409: export_final_embeddings done: /mnt/sda1/sherry/BiGNAS/SGL-BiGNAS/SGL-Torch/dataset/all_data/pretrain-embeddings/SGL/final/
