2025-11-24 11:38:11.281: my pid: 2393220
2025-11-24 11:38:11.281: model: model.general_recommender.SGL
2025-11-24 11:38:11.281: Dataset: all_data, users=2809, items=31062, ratings=110570
2025-11-24 11:38:11.281: NeuRec:[NeuRec]:
recommender=SGL
dataset=all_data
source_domain=amazon-cd
target_domain=amazon-kitchen
file_column=UI
sep=','
gpu_id=0
gpu_mem=0.99
metric=["Precision", "Recall", "NDCG"]
top_k=[20]
test_thread=8
test_batch_size=128
seed=2021
start_testing_epoch=0

SGL:[hyperparameters]:
aug_type=ED
reg=1e-4
embed_size=64
n_layers=3
ssl_reg=0.5
ssl_ratio=0.1
ssl_temp=0.2
ssl_mode=both_side
lr=0.001
learner=adam
adj_type=pre
epochs=1000
batch_size=2048
num_negatives=1
param_init=xavier_uniform
stddev=0.01
verbose=1
stop_cnt=10
pretrain_flag=0
save_flag=0

Command line:
recommender=SGL
dataset=all_data
aug_type=ED
reg=1e-4
n_layers=3
ssl_reg=0.5
ssl_ratio=0.1
ssl_temp=0.2
2025-11-24 11:38:12.170: metrics:	Precision@20	Recall@20   	NDCG@20     
2025-11-24 11:39:21.859: [iter 1 : loss : 5.0443 = 0.6920 + 4.3523 + 0.0000, time: 69.688825]
2025-11-24 11:39:21.859: epoch 1:	No test data
2025-11-24 11:40:29.798: [iter 2 : loss : 5.0023 = 0.6914 + 4.3109 + 0.0000, time: 67.720923]
2025-11-24 11:40:29.799: epoch 2:	No test data
2025-11-24 11:41:37.752: [iter 3 : loss : 4.9825 = 0.6908 + 4.2916 + 0.0000, time: 67.731896]
2025-11-24 11:41:37.752: epoch 3:	No test data
2025-11-24 11:42:45.664: [iter 4 : loss : 4.9754 = 0.6904 + 4.2850 + 0.0000, time: 67.682422]
2025-11-24 11:42:45.664: epoch 4:	No test data
2025-11-24 11:43:53.420: [iter 5 : loss : 4.9709 = 0.6900 + 4.2809 + 0.0000, time: 67.537260]
2025-11-24 11:43:53.420: epoch 5:	No test data
2025-11-24 11:45:02.288: [iter 6 : loss : 4.9676 = 0.6896 + 4.2780 + 0.0000, time: 68.652758]
2025-11-24 11:45:02.288: epoch 6:	No test data
2025-11-24 11:46:10.204: [iter 7 : loss : 4.9643 = 0.6891 + 4.2752 + 0.0000, time: 67.704942]
2025-11-24 11:46:10.204: epoch 7:	No test data
2025-11-24 11:47:17.955: [iter 8 : loss : 4.9621 = 0.6886 + 4.2735 + 0.0000, time: 67.533633]
2025-11-24 11:47:17.955: epoch 8:	No test data
2025-11-24 11:48:25.693: [iter 9 : loss : 4.9621 = 0.6880 + 4.2741 + 0.0000, time: 67.523566]
2025-11-24 11:48:25.694: epoch 9:	No test data
2025-11-24 11:49:33.538: [iter 10 : loss : 4.9598 = 0.6873 + 4.2725 + 0.0000, time: 67.626987]
2025-11-24 11:49:33.538: epoch 10:	No test data
2025-11-24 11:49:33.538: Early stopping is trigger at epoch: 10
2025-11-24 11:49:33.538: best_result@epoch 0:

2025-11-24 11:49:33.538: 		0.0000      	0.0000      
2025-11-24 11:49:33.566: export_final_embeddings done: /mnt/sda1/sherry/BiGNAS/SGL-BiGNAS/SGL-Torch/dataset/all_data/pretrain-embeddings/SGL/final/
