2025-10-07 10:03:38.717: my pid: 2247265
2025-10-07 10:03:38.717: model: model.general_recommender.SGL
2025-10-07 10:03:38.718: Dataset: all_data, users=2809, items=31062, ratings=110570
2025-10-07 10:03:38.718: NeuRec:[NeuRec]:
recommender=SGL
dataset=all_data
source_domain=amazon-cd
target_domain=amazon-kitchen
file_column=UI
sep=','
gpu_id=0
gpu_mem=0.99
metric=["Precision", "Recall", "NDCG"]
top_k=[20]
test_thread=8
test_batch_size=128
seed=2021
start_testing_epoch=0

SGL:[hyperparameters]:
aug_type=ED
reg=1e-4
embed_size=64
n_layers=3
ssl_reg=0.5
ssl_ratio=0.1
ssl_temp=0.2
ssl_mode=both_side
lr=0.001
learner=adam
adj_type=pre
epochs=1000
batch_size=2048
num_negatives=1
param_init=xavier_uniform
stddev=0.01
verbose=1
stop_cnt=10
pretrain_flag=0
save_flag=0

Command line:
recommender=SGL
dataset=all_data
aug_type=ED
reg=1e-4
n_layers=3
ssl_reg=0.5
ssl_ratio=0.1
ssl_temp=0.2
2025-10-07 10:03:39.588: metrics:	Precision@20	Recall@20   	NDCG@20     
2025-10-07 10:04:48.038: [iter 1 : loss : 5.0443 = 0.6920 + 4.3523 + 0.0000, time: 68.449646]
2025-10-07 10:04:48.038: epoch 1:	No test data
2025-10-07 10:05:55.916: [iter 2 : loss : 5.0023 = 0.6914 + 4.3109 + 0.0000, time: 67.658431]
2025-10-07 10:05:55.916: epoch 2:	No test data
2025-10-07 10:07:03.935: [iter 3 : loss : 4.9825 = 0.6908 + 4.2916 + 0.0000, time: 67.794184]
2025-10-07 10:07:03.935: epoch 3:	No test data
2025-10-07 10:08:11.967: [iter 4 : loss : 4.9754 = 0.6904 + 4.2850 + 0.0000, time: 67.801524]
2025-10-07 10:08:11.967: epoch 4:	No test data
2025-10-07 10:09:20.115: [iter 5 : loss : 4.9709 = 0.6900 + 4.2809 + 0.0000, time: 67.914184]
2025-10-07 10:09:20.115: epoch 5:	No test data
2025-10-07 10:10:28.370: [iter 6 : loss : 4.9676 = 0.6896 + 4.2780 + 0.0000, time: 68.035317]
2025-10-07 10:10:28.370: epoch 6:	No test data
2025-10-07 10:11:36.680: [iter 7 : loss : 4.9643 = 0.6891 + 4.2752 + 0.0000, time: 68.095319]
2025-10-07 10:11:36.680: epoch 7:	No test data
